[2018-04-29T17:34:14,128][INFO ][o.e.n.Node               ] [ist441giles.ist.psu.edu] initializing ...
[2018-04-29T17:34:14,244][INFO ][o.e.e.NodeEnvironment    ] [ist441giles.ist.psu.edu] using [1] data paths, mounts [[/data (/dev/mapper/centos-data)]], net usable_space [217.6gb], net total_space [371gb], types [xfs]
[2018-04-29T17:34:14,246][INFO ][o.e.e.NodeEnvironment    ] [ist441giles.ist.psu.edu] heap size [989.8mb], compressed ordinary object pointers [true]
[2018-04-29T17:34:14,333][INFO ][o.e.n.Node               ] [ist441giles.ist.psu.edu] node name [ist441giles.ist.psu.edu], node ID [hyp3VaJRRXSb9xP3beSfJg]
[2018-04-29T17:34:14,334][INFO ][o.e.n.Node               ] [ist441giles.ist.psu.edu] version[6.1.2], pid[57606], build[5b1fea5/2018-01-10T02:35:59.208Z], OS[Linux/3.10.0-693.17.1.el7.x86_64/amd64], JVM[Oracle Corporation/Java HotSpot(TM) 64-Bit Server VM/1.8.0_144/25.144-b01]
[2018-04-29T17:34:14,335][INFO ][o.e.n.Node               ] [ist441giles.ist.psu.edu] JVM arguments [-Xms1g, -Xmx1g, -XX:+UseConcMarkSweepGC, -XX:CMSInitiatingOccupancyFraction=75, -XX:+UseCMSInitiatingOccupancyOnly, -XX:+AlwaysPreTouch, -Xss1m, -Djava.awt.headless=true, -Dfile.encoding=UTF-8, -Djna.nosys=true, -XX:-OmitStackTraceInFastThrow, -Dio.netty.noUnsafe=true, -Dio.netty.noKeySetOptimization=true, -Dio.netty.recycler.maxCapacityPerThread=0, -Dlog4j.shutdownHookEnabled=false, -Dlog4j2.disable.jmx=true, -XX:+HeapDumpOnOutOfMemoryError, -Des.path.home=/data/ist441/team2/indexer/elasticsearch-6.1.2, -Des.path.conf=/data/ist441/team2/indexer/elasticsearch-6.1.2/config]
[2018-04-29T17:34:15,454][INFO ][o.e.p.PluginsService     ] [ist441giles.ist.psu.edu] loaded module [aggs-matrix-stats]
[2018-04-29T17:34:15,455][INFO ][o.e.p.PluginsService     ] [ist441giles.ist.psu.edu] loaded module [analysis-common]
[2018-04-29T17:34:15,455][INFO ][o.e.p.PluginsService     ] [ist441giles.ist.psu.edu] loaded module [ingest-common]
[2018-04-29T17:34:15,455][INFO ][o.e.p.PluginsService     ] [ist441giles.ist.psu.edu] loaded module [lang-expression]
[2018-04-29T17:34:15,455][INFO ][o.e.p.PluginsService     ] [ist441giles.ist.psu.edu] loaded module [lang-mustache]
[2018-04-29T17:34:15,455][INFO ][o.e.p.PluginsService     ] [ist441giles.ist.psu.edu] loaded module [lang-painless]
[2018-04-29T17:34:15,455][INFO ][o.e.p.PluginsService     ] [ist441giles.ist.psu.edu] loaded module [mapper-extras]
[2018-04-29T17:34:15,455][INFO ][o.e.p.PluginsService     ] [ist441giles.ist.psu.edu] loaded module [parent-join]
[2018-04-29T17:34:15,455][INFO ][o.e.p.PluginsService     ] [ist441giles.ist.psu.edu] loaded module [percolator]
[2018-04-29T17:34:15,455][INFO ][o.e.p.PluginsService     ] [ist441giles.ist.psu.edu] loaded module [reindex]
[2018-04-29T17:34:15,456][INFO ][o.e.p.PluginsService     ] [ist441giles.ist.psu.edu] loaded module [repository-url]
[2018-04-29T17:34:15,456][INFO ][o.e.p.PluginsService     ] [ist441giles.ist.psu.edu] loaded module [transport-netty4]
[2018-04-29T17:34:15,456][INFO ][o.e.p.PluginsService     ] [ist441giles.ist.psu.edu] loaded module [tribe]
[2018-04-29T17:34:15,456][INFO ][o.e.p.PluginsService     ] [ist441giles.ist.psu.edu] no plugins loaded
[2018-04-29T17:34:16,816][INFO ][o.e.d.DiscoveryModule    ] [ist441giles.ist.psu.edu] using discovery type [zen]
[2018-04-29T17:34:17,464][INFO ][o.e.n.Node               ] [ist441giles.ist.psu.edu] initialized
[2018-04-29T17:34:17,464][INFO ][o.e.n.Node               ] [ist441giles.ist.psu.edu] starting ...
[2018-04-29T17:34:17,600][INFO ][o.e.t.TransportService   ] [ist441giles.ist.psu.edu] publish_address {127.0.0.1:9302}, bound_addresses {127.0.0.1:9302}, {[::1]:9302}
[2018-04-29T17:34:17,618][WARN ][o.e.b.BootstrapChecks    ] [ist441giles.ist.psu.edu] max file descriptors [4096] for elasticsearch process is too low, increase to at least [65536]
[2018-04-29T17:34:20,680][INFO ][o.e.c.s.MasterService    ] [ist441giles.ist.psu.edu] zen-disco-elected-as-master ([0] nodes joined), reason: new_master {ist441giles.ist.psu.edu}{hyp3VaJRRXSb9xP3beSfJg}{5n40RNucQvuVoD9XHyx45w}{localhost}{127.0.0.1:9302}
[2018-04-29T17:34:20,688][INFO ][o.e.c.s.ClusterApplierService] [ist441giles.ist.psu.edu] new_master {ist441giles.ist.psu.edu}{hyp3VaJRRXSb9xP3beSfJg}{5n40RNucQvuVoD9XHyx45w}{localhost}{127.0.0.1:9302}, reason: apply cluster state (from master [master {ist441giles.ist.psu.edu}{hyp3VaJRRXSb9xP3beSfJg}{5n40RNucQvuVoD9XHyx45w}{localhost}{127.0.0.1:9302} committed version [1] source [zen-disco-elected-as-master ([0] nodes joined)]])
[2018-04-29T17:34:20,715][INFO ][o.e.h.n.Netty4HttpServerTransport] [ist441giles.ist.psu.edu] publish_address {130.203.135.65:9202}, bound_addresses {130.203.135.65:9202}
[2018-04-29T17:34:20,716][INFO ][o.e.n.Node               ] [ist441giles.ist.psu.edu] started
[2018-04-29T17:34:21,079][INFO ][o.e.g.GatewayService     ] [ist441giles.ist.psu.edu] recovered [5] indices into cluster_state
[2018-04-29T17:34:21,416][WARN ][r.suppressed             ] path: /.kibana/doc/config%3A6.1.2, params: {index=.kibana, id=config:6.1.2, type=doc}
org.elasticsearch.action.NoShardAvailableActionException: No shard available for [get [.kibana][doc][config:6.1.2]: routing [null]]
	at org.elasticsearch.action.support.single.shard.TransportSingleShardAction$AsyncSingleAction.perform(TransportSingleShardAction.java:209) ~[elasticsearch-6.1.2.jar:6.1.2]
	at org.elasticsearch.action.support.single.shard.TransportSingleShardAction$AsyncSingleAction.start(TransportSingleShardAction.java:186) ~[elasticsearch-6.1.2.jar:6.1.2]
	at org.elasticsearch.action.support.single.shard.TransportSingleShardAction.doExecute(TransportSingleShardAction.java:95) ~[elasticsearch-6.1.2.jar:6.1.2]
	at org.elasticsearch.action.support.single.shard.TransportSingleShardAction.doExecute(TransportSingleShardAction.java:59) ~[elasticsearch-6.1.2.jar:6.1.2]
	at org.elasticsearch.action.support.TransportAction.doExecute(TransportAction.java:143) ~[elasticsearch-6.1.2.jar:6.1.2]
	at org.elasticsearch.action.support.TransportAction$RequestFilterChain.proceed(TransportAction.java:167) ~[elasticsearch-6.1.2.jar:6.1.2]
	at org.elasticsearch.action.support.TransportAction.execute(TransportAction.java:139) ~[elasticsearch-6.1.2.jar:6.1.2]
	at org.elasticsearch.action.support.TransportAction.execute(TransportAction.java:81) ~[elasticsearch-6.1.2.jar:6.1.2]
	at org.elasticsearch.client.node.NodeClient.executeLocally(NodeClient.java:83) ~[elasticsearch-6.1.2.jar:6.1.2]
	at org.elasticsearch.client.node.NodeClient.doExecute(NodeClient.java:72) ~[elasticsearch-6.1.2.jar:6.1.2]
	at org.elasticsearch.client.support.AbstractClient.execute(AbstractClient.java:405) ~[elasticsearch-6.1.2.jar:6.1.2]
	at org.elasticsearch.client.support.AbstractClient.get(AbstractClient.java:497) ~[elasticsearch-6.1.2.jar:6.1.2]
	at org.elasticsearch.rest.action.document.RestGetAction.lambda$prepareRequest$0(RestGetAction.java:82) ~[elasticsearch-6.1.2.jar:6.1.2]
	at org.elasticsearch.rest.BaseRestHandler.handleRequest(BaseRestHandler.java:97) [elasticsearch-6.1.2.jar:6.1.2]
	at org.elasticsearch.rest.RestController.dispatchRequest(RestController.java:240) [elasticsearch-6.1.2.jar:6.1.2]
	at org.elasticsearch.rest.RestController.tryAllHandlers(RestController.java:336) [elasticsearch-6.1.2.jar:6.1.2]
	at org.elasticsearch.rest.RestController.dispatchRequest(RestController.java:174) [elasticsearch-6.1.2.jar:6.1.2]
	at org.elasticsearch.http.netty4.Netty4HttpServerTransport.dispatchRequest(Netty4HttpServerTransport.java:497) [transport-netty4-6.1.2.jar:6.1.2]
	at org.elasticsearch.http.netty4.Netty4HttpRequestHandler.channelRead0(Netty4HttpRequestHandler.java:80) [transport-netty4-6.1.2.jar:6.1.2]
	at io.netty.channel.SimpleChannelInboundHandler.channelRead(SimpleChannelInboundHandler.java:105) [netty-transport-4.1.13.Final.jar:4.1.13.Final]
	at io.netty.channel.AbstractChannelHandlerContext.invokeChannelRead(AbstractChannelHandlerContext.java:362) [netty-transport-4.1.13.Final.jar:4.1.13.Final]
	at io.netty.channel.AbstractChannelHandlerContext.invokeChannelRead(AbstractChannelHandlerContext.java:348) [netty-transport-4.1.13.Final.jar:4.1.13.Final]
	at io.netty.channel.AbstractChannelHandlerContext.fireChannelRead(AbstractChannelHandlerContext.java:340) [netty-transport-4.1.13.Final.jar:4.1.13.Final]
	at org.elasticsearch.http.netty4.pipelining.HttpPipeliningHandler.channelRead(HttpPipeliningHandler.java:68) [transport-netty4-6.1.2.jar:6.1.2]
	at io.netty.channel.AbstractChannelHandlerContext.invokeChannelRead(AbstractChannelHandlerContext.java:362) [netty-transport-4.1.13.Final.jar:4.1.13.Final]
	at io.netty.channel.AbstractChannelHandlerContext.invokeChannelRead(AbstractChannelHandlerContext.java:348) [netty-transport-4.1.13.Final.jar:4.1.13.Final]
	at io.netty.channel.AbstractChannelHandlerContext.fireChannelRead(AbstractChannelHandlerContext.java:340) [netty-transport-4.1.13.Final.jar:4.1.13.Final]
	at io.netty.handler.codec.MessageToMessageDecoder.channelRead(MessageToMessageDecoder.java:102) [netty-codec-4.1.13.Final.jar:4.1.13.Final]
	at io.netty.handler.codec.MessageToMessageCodec.channelRead(MessageToMessageCodec.java:111) [netty-codec-4.1.13.Final.jar:4.1.13.Final]
	at io.netty.channel.AbstractChannelHandlerContext.invokeChannelRead(AbstractChannelHandlerContext.java:362) [netty-transport-4.1.13.Final.jar:4.1.13.Final]
	at io.netty.channel.AbstractChannelHandlerContext.invokeChannelRead(AbstractChannelHandlerContext.java:348) [netty-transport-4.1.13.Final.jar:4.1.13.Final]
	at io.netty.channel.AbstractChannelHandlerContext.fireChannelRead(AbstractChannelHandlerContext.java:340) [netty-transport-4.1.13.Final.jar:4.1.13.Final]
	at io.netty.handler.codec.MessageToMessageDecoder.channelRead(MessageToMessageDecoder.java:102) [netty-codec-4.1.13.Final.jar:4.1.13.Final]
	at io.netty.channel.AbstractChannelHandlerContext.invokeChannelRead(AbstractChannelHandlerContext.java:362) [netty-transport-4.1.13.Final.jar:4.1.13.Final]
	at io.netty.channel.AbstractChannelHandlerContext.invokeChannelRead(AbstractChannelHandlerContext.java:348) [netty-transport-4.1.13.Final.jar:4.1.13.Final]
	at io.netty.channel.AbstractChannelHandlerContext.fireChannelRead(AbstractChannelHandlerContext.java:340) [netty-transport-4.1.13.Final.jar:4.1.13.Final]
	at io.netty.handler.codec.MessageToMessageDecoder.channelRead(MessageToMessageDecoder.java:102) [netty-codec-4.1.13.Final.jar:4.1.13.Final]
	at io.netty.channel.AbstractChannelHandlerContext.invokeChannelRead(AbstractChannelHandlerContext.java:362) [netty-transport-4.1.13.Final.jar:4.1.13.Final]
	at io.netty.channel.AbstractChannelHandlerContext.invokeChannelRead(AbstractChannelHandlerContext.java:348) [netty-transport-4.1.13.Final.jar:4.1.13.Final]
	at io.netty.channel.AbstractChannelHandlerContext.fireChannelRead(AbstractChannelHandlerContext.java:340) [netty-transport-4.1.13.Final.jar:4.1.13.Final]
	at io.netty.handler.codec.ByteToMessageDecoder.fireChannelRead(ByteToMessageDecoder.java:310) [netty-codec-4.1.13.Final.jar:4.1.13.Final]
	at io.netty.handler.codec.ByteToMessageDecoder.channelRead(ByteToMessageDecoder.java:284) [netty-codec-4.1.13.Final.jar:4.1.13.Final]
	at io.netty.channel.AbstractChannelHandlerContext.invokeChannelRead(AbstractChannelHandlerContext.java:362) [netty-transport-4.1.13.Final.jar:4.1.13.Final]
	at io.netty.channel.AbstractChannelHandlerContext.invokeChannelRead(AbstractChannelHandlerContext.java:348) [netty-transport-4.1.13.Final.jar:4.1.13.Final]
	at io.netty.channel.AbstractChannelHandlerContext.fireChannelRead(AbstractChannelHandlerContext.java:340) [netty-transport-4.1.13.Final.jar:4.1.13.Final]
	at io.netty.channel.ChannelInboundHandlerAdapter.channelRead(ChannelInboundHandlerAdapter.java:86) [netty-transport-4.1.13.Final.jar:4.1.13.Final]
	at io.netty.channel.AbstractChannelHandlerContext.invokeChannelRead(AbstractChannelHandlerContext.java:362) [netty-transport-4.1.13.Final.jar:4.1.13.Final]
	at io.netty.channel.AbstractChannelHandlerContext.invokeChannelRead(AbstractChannelHandlerContext.java:348) [netty-transport-4.1.13.Final.jar:4.1.13.Final]
	at io.netty.channel.AbstractChannelHandlerContext.fireChannelRead(AbstractChannelHandlerContext.java:340) [netty-transport-4.1.13.Final.jar:4.1.13.Final]
	at io.netty.channel.DefaultChannelPipeline$HeadContext.channelRead(DefaultChannelPipeline.java:1334) [netty-transport-4.1.13.Final.jar:4.1.13.Final]
	at io.netty.channel.AbstractChannelHandlerContext.invokeChannelRead(AbstractChannelHandlerContext.java:362) [netty-transport-4.1.13.Final.jar:4.1.13.Final]
	at io.netty.channel.AbstractChannelHandlerContext.invokeChannelRead(AbstractChannelHandlerContext.java:348) [netty-transport-4.1.13.Final.jar:4.1.13.Final]
	at io.netty.channel.DefaultChannelPipeline.fireChannelRead(DefaultChannelPipeline.java:926) [netty-transport-4.1.13.Final.jar:4.1.13.Final]
	at io.netty.channel.nio.AbstractNioByteChannel$NioByteUnsafe.read(AbstractNioByteChannel.java:134) [netty-transport-4.1.13.Final.jar:4.1.13.Final]
	at io.netty.channel.nio.NioEventLoop.processSelectedKey(NioEventLoop.java:644) [netty-transport-4.1.13.Final.jar:4.1.13.Final]
	at io.netty.channel.nio.NioEventLoop.processSelectedKeysPlain(NioEventLoop.java:544) [netty-transport-4.1.13.Final.jar:4.1.13.Final]
	at io.netty.channel.nio.NioEventLoop.processSelectedKeys(NioEventLoop.java:498) [netty-transport-4.1.13.Final.jar:4.1.13.Final]
	at io.netty.channel.nio.NioEventLoop.run(NioEventLoop.java:458) [netty-transport-4.1.13.Final.jar:4.1.13.Final]
	at io.netty.util.concurrent.SingleThreadEventExecutor$5.run(SingleThreadEventExecutor.java:858) [netty-common-4.1.13.Final.jar:4.1.13.Final]
	at java.lang.Thread.run(Thread.java:748) [?:1.8.0_144]
[2018-04-29T17:35:28,737][WARN ][r.suppressed             ] path: /all_math/wiki/4, params: {index=all_math, id=4, type=wiki}
org.elasticsearch.action.NoShardAvailableActionException: No shard available for [get [all_math][wiki][4]: routing [null]]
	at org.elasticsearch.action.support.single.shard.TransportSingleShardAction$AsyncSingleAction.perform(TransportSingleShardAction.java:209) ~[elasticsearch-6.1.2.jar:6.1.2]
	at org.elasticsearch.action.support.single.shard.TransportSingleShardAction$AsyncSingleAction.start(TransportSingleShardAction.java:186) ~[elasticsearch-6.1.2.jar:6.1.2]
	at org.elasticsearch.action.support.single.shard.TransportSingleShardAction.doExecute(TransportSingleShardAction.java:95) ~[elasticsearch-6.1.2.jar:6.1.2]
	at org.elasticsearch.action.support.single.shard.TransportSingleShardAction.doExecute(TransportSingleShardAction.java:59) ~[elasticsearch-6.1.2.jar:6.1.2]
	at org.elasticsearch.action.support.TransportAction.doExecute(TransportAction.java:143) ~[elasticsearch-6.1.2.jar:6.1.2]
	at org.elasticsearch.action.support.TransportAction$RequestFilterChain.proceed(TransportAction.java:167) ~[elasticsearch-6.1.2.jar:6.1.2]
	at org.elasticsearch.action.support.TransportAction.execute(TransportAction.java:139) ~[elasticsearch-6.1.2.jar:6.1.2]
	at org.elasticsearch.action.support.TransportAction.execute(TransportAction.java:81) ~[elasticsearch-6.1.2.jar:6.1.2]
	at org.elasticsearch.client.node.NodeClient.executeLocally(NodeClient.java:83) ~[elasticsearch-6.1.2.jar:6.1.2]
	at org.elasticsearch.client.node.NodeClient.doExecute(NodeClient.java:72) ~[elasticsearch-6.1.2.jar:6.1.2]
	at org.elasticsearch.client.support.AbstractClient.execute(AbstractClient.java:405) ~[elasticsearch-6.1.2.jar:6.1.2]
	at org.elasticsearch.client.support.AbstractClient.get(AbstractClient.java:497) ~[elasticsearch-6.1.2.jar:6.1.2]
	at org.elasticsearch.rest.action.document.RestGetAction.lambda$prepareRequest$0(RestGetAction.java:82) ~[elasticsearch-6.1.2.jar:6.1.2]
	at org.elasticsearch.rest.BaseRestHandler.handleRequest(BaseRestHandler.java:97) [elasticsearch-6.1.2.jar:6.1.2]
	at org.elasticsearch.rest.RestController.dispatchRequest(RestController.java:240) [elasticsearch-6.1.2.jar:6.1.2]
	at org.elasticsearch.rest.RestController.tryAllHandlers(RestController.java:336) [elasticsearch-6.1.2.jar:6.1.2]
	at org.elasticsearch.rest.RestController.dispatchRequest(RestController.java:174) [elasticsearch-6.1.2.jar:6.1.2]
	at org.elasticsearch.http.netty4.Netty4HttpServerTransport.dispatchRequest(Netty4HttpServerTransport.java:497) [transport-netty4-6.1.2.jar:6.1.2]
	at org.elasticsearch.http.netty4.Netty4HttpRequestHandler.channelRead0(Netty4HttpRequestHandler.java:80) [transport-netty4-6.1.2.jar:6.1.2]
	at io.netty.channel.SimpleChannelInboundHandler.channelRead(SimpleChannelInboundHandler.java:105) [netty-transport-4.1.13.Final.jar:4.1.13.Final]
	at io.netty.channel.AbstractChannelHandlerContext.invokeChannelRead(AbstractChannelHandlerContext.java:362) [netty-transport-4.1.13.Final.jar:4.1.13.Final]
	at io.netty.channel.AbstractChannelHandlerContext.invokeChannelRead(AbstractChannelHandlerContext.java:348) [netty-transport-4.1.13.Final.jar:4.1.13.Final]
	at io.netty.channel.AbstractChannelHandlerContext.fireChannelRead(AbstractChannelHandlerContext.java:340) [netty-transport-4.1.13.Final.jar:4.1.13.Final]
	at org.elasticsearch.http.netty4.pipelining.HttpPipeliningHandler.channelRead(HttpPipeliningHandler.java:68) [transport-netty4-6.1.2.jar:6.1.2]
	at io.netty.channel.AbstractChannelHandlerContext.invokeChannelRead(AbstractChannelHandlerContext.java:362) [netty-transport-4.1.13.Final.jar:4.1.13.Final]
	at io.netty.channel.AbstractChannelHandlerContext.invokeChannelRead(AbstractChannelHandlerContext.java:348) [netty-transport-4.1.13.Final.jar:4.1.13.Final]
	at io.netty.channel.AbstractChannelHandlerContext.fireChannelRead(AbstractChannelHandlerContext.java:340) [netty-transport-4.1.13.Final.jar:4.1.13.Final]
	at io.netty.handler.codec.MessageToMessageDecoder.channelRead(MessageToMessageDecoder.java:102) [netty-codec-4.1.13.Final.jar:4.1.13.Final]
	at io.netty.handler.codec.MessageToMessageCodec.channelRead(MessageToMessageCodec.java:111) [netty-codec-4.1.13.Final.jar:4.1.13.Final]
	at io.netty.channel.AbstractChannelHandlerContext.invokeChannelRead(AbstractChannelHandlerContext.java:362) [netty-transport-4.1.13.Final.jar:4.1.13.Final]
	at io.netty.channel.AbstractChannelHandlerContext.invokeChannelRead(AbstractChannelHandlerContext.java:348) [netty-transport-4.1.13.Final.jar:4.1.13.Final]
	at io.netty.channel.AbstractChannelHandlerContext.fireChannelRead(AbstractChannelHandlerContext.java:340) [netty-transport-4.1.13.Final.jar:4.1.13.Final]
	at io.netty.handler.codec.MessageToMessageDecoder.channelRead(MessageToMessageDecoder.java:102) [netty-codec-4.1.13.Final.jar:4.1.13.Final]
	at io.netty.channel.AbstractChannelHandlerContext.invokeChannelRead(AbstractChannelHandlerContext.java:362) [netty-transport-4.1.13.Final.jar:4.1.13.Final]
	at io.netty.channel.AbstractChannelHandlerContext.invokeChannelRead(AbstractChannelHandlerContext.java:348) [netty-transport-4.1.13.Final.jar:4.1.13.Final]
	at io.netty.channel.AbstractChannelHandlerContext.fireChannelRead(AbstractChannelHandlerContext.java:340) [netty-transport-4.1.13.Final.jar:4.1.13.Final]
	at io.netty.handler.codec.MessageToMessageDecoder.channelRead(MessageToMessageDecoder.java:102) [netty-codec-4.1.13.Final.jar:4.1.13.Final]
	at io.netty.channel.AbstractChannelHandlerContext.invokeChannelRead(AbstractChannelHandlerContext.java:362) [netty-transport-4.1.13.Final.jar:4.1.13.Final]
	at io.netty.channel.AbstractChannelHandlerContext.invokeChannelRead(AbstractChannelHandlerContext.java:348) [netty-transport-4.1.13.Final.jar:4.1.13.Final]
	at io.netty.channel.AbstractChannelHandlerContext.fireChannelRead(AbstractChannelHandlerContext.java:340) [netty-transport-4.1.13.Final.jar:4.1.13.Final]
	at io.netty.handler.codec.ByteToMessageDecoder.fireChannelRead(ByteToMessageDecoder.java:310) [netty-codec-4.1.13.Final.jar:4.1.13.Final]
	at io.netty.handler.codec.ByteToMessageDecoder.channelRead(ByteToMessageDecoder.java:284) [netty-codec-4.1.13.Final.jar:4.1.13.Final]
	at io.netty.channel.AbstractChannelHandlerContext.invokeChannelRead(AbstractChannelHandlerContext.java:362) [netty-transport-4.1.13.Final.jar:4.1.13.Final]
	at io.netty.channel.AbstractChannelHandlerContext.invokeChannelRead(AbstractChannelHandlerContext.java:348) [netty-transport-4.1.13.Final.jar:4.1.13.Final]
	at io.netty.channel.AbstractChannelHandlerContext.fireChannelRead(AbstractChannelHandlerContext.java:340) [netty-transport-4.1.13.Final.jar:4.1.13.Final]
	at io.netty.channel.ChannelInboundHandlerAdapter.channelRead(ChannelInboundHandlerAdapter.java:86) [netty-transport-4.1.13.Final.jar:4.1.13.Final]
	at io.netty.channel.AbstractChannelHandlerContext.invokeChannelRead(AbstractChannelHandlerContext.java:362) [netty-transport-4.1.13.Final.jar:4.1.13.Final]
	at io.netty.channel.AbstractChannelHandlerContext.invokeChannelRead(AbstractChannelHandlerContext.java:348) [netty-transport-4.1.13.Final.jar:4.1.13.Final]
	at io.netty.channel.AbstractChannelHandlerContext.fireChannelRead(AbstractChannelHandlerContext.java:340) [netty-transport-4.1.13.Final.jar:4.1.13.Final]
	at io.netty.channel.DefaultChannelPipeline$HeadContext.channelRead(DefaultChannelPipeline.java:1334) [netty-transport-4.1.13.Final.jar:4.1.13.Final]
	at io.netty.channel.AbstractChannelHandlerContext.invokeChannelRead(AbstractChannelHandlerContext.java:362) [netty-transport-4.1.13.Final.jar:4.1.13.Final]
	at io.netty.channel.AbstractChannelHandlerContext.invokeChannelRead(AbstractChannelHandlerContext.java:348) [netty-transport-4.1.13.Final.jar:4.1.13.Final]
	at io.netty.channel.DefaultChannelPipeline.fireChannelRead(DefaultChannelPipeline.java:926) [netty-transport-4.1.13.Final.jar:4.1.13.Final]
	at io.netty.channel.nio.AbstractNioByteChannel$NioByteUnsafe.read(AbstractNioByteChannel.java:134) [netty-transport-4.1.13.Final.jar:4.1.13.Final]
	at io.netty.channel.nio.NioEventLoop.processSelectedKey(NioEventLoop.java:644) [netty-transport-4.1.13.Final.jar:4.1.13.Final]
	at io.netty.channel.nio.NioEventLoop.processSelectedKeysPlain(NioEventLoop.java:544) [netty-transport-4.1.13.Final.jar:4.1.13.Final]
	at io.netty.channel.nio.NioEventLoop.processSelectedKeys(NioEventLoop.java:498) [netty-transport-4.1.13.Final.jar:4.1.13.Final]
	at io.netty.channel.nio.NioEventLoop.run(NioEventLoop.java:458) [netty-transport-4.1.13.Final.jar:4.1.13.Final]
	at io.netty.util.concurrent.SingleThreadEventExecutor$5.run(SingleThreadEventExecutor.java:858) [netty-common-4.1.13.Final.jar:4.1.13.Final]
	at java.lang.Thread.run(Thread.java:748) [?:1.8.0_144]
[2018-04-29T17:36:33,198][WARN ][r.suppressed             ] path: /all_math/wiki/4, params: {index=all_math, id=4, type=wiki}
org.elasticsearch.action.NoShardAvailableActionException: No shard available for [get [all_math][wiki][4]: routing [null]]
	at org.elasticsearch.action.support.single.shard.TransportSingleShardAction$AsyncSingleAction.perform(TransportSingleShardAction.java:209) ~[elasticsearch-6.1.2.jar:6.1.2]
	at org.elasticsearch.action.support.single.shard.TransportSingleShardAction$AsyncSingleAction.start(TransportSingleShardAction.java:186) ~[elasticsearch-6.1.2.jar:6.1.2]
	at org.elasticsearch.action.support.single.shard.TransportSingleShardAction.doExecute(TransportSingleShardAction.java:95) ~[elasticsearch-6.1.2.jar:6.1.2]
	at org.elasticsearch.action.support.single.shard.TransportSingleShardAction.doExecute(TransportSingleShardAction.java:59) ~[elasticsearch-6.1.2.jar:6.1.2]
	at org.elasticsearch.action.support.TransportAction.doExecute(TransportAction.java:143) ~[elasticsearch-6.1.2.jar:6.1.2]
	at org.elasticsearch.action.support.TransportAction$RequestFilterChain.proceed(TransportAction.java:167) ~[elasticsearch-6.1.2.jar:6.1.2]
	at org.elasticsearch.action.support.TransportAction.execute(TransportAction.java:139) ~[elasticsearch-6.1.2.jar:6.1.2]
	at org.elasticsearch.action.support.TransportAction.execute(TransportAction.java:81) ~[elasticsearch-6.1.2.jar:6.1.2]
	at org.elasticsearch.client.node.NodeClient.executeLocally(NodeClient.java:83) ~[elasticsearch-6.1.2.jar:6.1.2]
	at org.elasticsearch.client.node.NodeClient.doExecute(NodeClient.java:72) ~[elasticsearch-6.1.2.jar:6.1.2]
	at org.elasticsearch.client.support.AbstractClient.execute(AbstractClient.java:405) ~[elasticsearch-6.1.2.jar:6.1.2]
	at org.elasticsearch.client.support.AbstractClient.get(AbstractClient.java:497) ~[elasticsearch-6.1.2.jar:6.1.2]
	at org.elasticsearch.rest.action.document.RestGetAction.lambda$prepareRequest$0(RestGetAction.java:82) ~[elasticsearch-6.1.2.jar:6.1.2]
	at org.elasticsearch.rest.BaseRestHandler.handleRequest(BaseRestHandler.java:97) [elasticsearch-6.1.2.jar:6.1.2]
	at org.elasticsearch.rest.RestController.dispatchRequest(RestController.java:240) [elasticsearch-6.1.2.jar:6.1.2]
	at org.elasticsearch.rest.RestController.tryAllHandlers(RestController.java:336) [elasticsearch-6.1.2.jar:6.1.2]
	at org.elasticsearch.rest.RestController.dispatchRequest(RestController.java:174) [elasticsearch-6.1.2.jar:6.1.2]
	at org.elasticsearch.http.netty4.Netty4HttpServerTransport.dispatchRequest(Netty4HttpServerTransport.java:497) [transport-netty4-6.1.2.jar:6.1.2]
	at org.elasticsearch.http.netty4.Netty4HttpRequestHandler.channelRead0(Netty4HttpRequestHandler.java:80) [transport-netty4-6.1.2.jar:6.1.2]
	at io.netty.channel.SimpleChannelInboundHandler.channelRead(SimpleChannelInboundHandler.java:105) [netty-transport-4.1.13.Final.jar:4.1.13.Final]
	at io.netty.channel.AbstractChannelHandlerContext.invokeChannelRead(AbstractChannelHandlerContext.java:362) [netty-transport-4.1.13.Final.jar:4.1.13.Final]
	at io.netty.channel.AbstractChannelHandlerContext.invokeChannelRead(AbstractChannelHandlerContext.java:348) [netty-transport-4.1.13.Final.jar:4.1.13.Final]
	at io.netty.channel.AbstractChannelHandlerContext.fireChannelRead(AbstractChannelHandlerContext.java:340) [netty-transport-4.1.13.Final.jar:4.1.13.Final]
	at org.elasticsearch.http.netty4.pipelining.HttpPipeliningHandler.channelRead(HttpPipeliningHandler.java:68) [transport-netty4-6.1.2.jar:6.1.2]
	at io.netty.channel.AbstractChannelHandlerContext.invokeChannelRead(AbstractChannelHandlerContext.java:362) [netty-transport-4.1.13.Final.jar:4.1.13.Final]
	at io.netty.channel.AbstractChannelHandlerContext.invokeChannelRead(AbstractChannelHandlerContext.java:348) [netty-transport-4.1.13.Final.jar:4.1.13.Final]
	at io.netty.channel.AbstractChannelHandlerContext.fireChannelRead(AbstractChannelHandlerContext.java:340) [netty-transport-4.1.13.Final.jar:4.1.13.Final]
	at io.netty.handler.codec.MessageToMessageDecoder.channelRead(MessageToMessageDecoder.java:102) [netty-codec-4.1.13.Final.jar:4.1.13.Final]
	at io.netty.handler.codec.MessageToMessageCodec.channelRead(MessageToMessageCodec.java:111) [netty-codec-4.1.13.Final.jar:4.1.13.Final]
	at io.netty.channel.AbstractChannelHandlerContext.invokeChannelRead(AbstractChannelHandlerContext.java:362) [netty-transport-4.1.13.Final.jar:4.1.13.Final]
	at io.netty.channel.AbstractChannelHandlerContext.invokeChannelRead(AbstractChannelHandlerContext.java:348) [netty-transport-4.1.13.Final.jar:4.1.13.Final]
	at io.netty.channel.AbstractChannelHandlerContext.fireChannelRead(AbstractChannelHandlerContext.java:340) [netty-transport-4.1.13.Final.jar:4.1.13.Final]
	at io.netty.handler.codec.MessageToMessageDecoder.channelRead(MessageToMessageDecoder.java:102) [netty-codec-4.1.13.Final.jar:4.1.13.Final]
	at io.netty.channel.AbstractChannelHandlerContext.invokeChannelRead(AbstractChannelHandlerContext.java:362) [netty-transport-4.1.13.Final.jar:4.1.13.Final]
	at io.netty.channel.AbstractChannelHandlerContext.invokeChannelRead(AbstractChannelHandlerContext.java:348) [netty-transport-4.1.13.Final.jar:4.1.13.Final]
	at io.netty.channel.AbstractChannelHandlerContext.fireChannelRead(AbstractChannelHandlerContext.java:340) [netty-transport-4.1.13.Final.jar:4.1.13.Final]
	at io.netty.handler.codec.MessageToMessageDecoder.channelRead(MessageToMessageDecoder.java:102) [netty-codec-4.1.13.Final.jar:4.1.13.Final]
	at io.netty.channel.AbstractChannelHandlerContext.invokeChannelRead(AbstractChannelHandlerContext.java:362) [netty-transport-4.1.13.Final.jar:4.1.13.Final]
	at io.netty.channel.AbstractChannelHandlerContext.invokeChannelRead(AbstractChannelHandlerContext.java:348) [netty-transport-4.1.13.Final.jar:4.1.13.Final]
	at io.netty.channel.AbstractChannelHandlerContext.fireChannelRead(AbstractChannelHandlerContext.java:340) [netty-transport-4.1.13.Final.jar:4.1.13.Final]
	at io.netty.handler.codec.ByteToMessageDecoder.fireChannelRead(ByteToMessageDecoder.java:310) [netty-codec-4.1.13.Final.jar:4.1.13.Final]
	at io.netty.handler.codec.ByteToMessageDecoder.channelRead(ByteToMessageDecoder.java:284) [netty-codec-4.1.13.Final.jar:4.1.13.Final]
	at io.netty.channel.AbstractChannelHandlerContext.invokeChannelRead(AbstractChannelHandlerContext.java:362) [netty-transport-4.1.13.Final.jar:4.1.13.Final]
	at io.netty.channel.AbstractChannelHandlerContext.invokeChannelRead(AbstractChannelHandlerContext.java:348) [netty-transport-4.1.13.Final.jar:4.1.13.Final]
	at io.netty.channel.AbstractChannelHandlerContext.fireChannelRead(AbstractChannelHandlerContext.java:340) [netty-transport-4.1.13.Final.jar:4.1.13.Final]
	at io.netty.channel.ChannelInboundHandlerAdapter.channelRead(ChannelInboundHandlerAdapter.java:86) [netty-transport-4.1.13.Final.jar:4.1.13.Final]
	at io.netty.channel.AbstractChannelHandlerContext.invokeChannelRead(AbstractChannelHandlerContext.java:362) [netty-transport-4.1.13.Final.jar:4.1.13.Final]
	at io.netty.channel.AbstractChannelHandlerContext.invokeChannelRead(AbstractChannelHandlerContext.java:348) [netty-transport-4.1.13.Final.jar:4.1.13.Final]
	at io.netty.channel.AbstractChannelHandlerContext.fireChannelRead(AbstractChannelHandlerContext.java:340) [netty-transport-4.1.13.Final.jar:4.1.13.Final]
	at io.netty.channel.DefaultChannelPipeline$HeadContext.channelRead(DefaultChannelPipeline.java:1334) [netty-transport-4.1.13.Final.jar:4.1.13.Final]
	at io.netty.channel.AbstractChannelHandlerContext.invokeChannelRead(AbstractChannelHandlerContext.java:362) [netty-transport-4.1.13.Final.jar:4.1.13.Final]
	at io.netty.channel.AbstractChannelHandlerContext.invokeChannelRead(AbstractChannelHandlerContext.java:348) [netty-transport-4.1.13.Final.jar:4.1.13.Final]
	at io.netty.channel.DefaultChannelPipeline.fireChannelRead(DefaultChannelPipeline.java:926) [netty-transport-4.1.13.Final.jar:4.1.13.Final]
	at io.netty.channel.nio.AbstractNioByteChannel$NioByteUnsafe.read(AbstractNioByteChannel.java:134) [netty-transport-4.1.13.Final.jar:4.1.13.Final]
	at io.netty.channel.nio.NioEventLoop.processSelectedKey(NioEventLoop.java:644) [netty-transport-4.1.13.Final.jar:4.1.13.Final]
	at io.netty.channel.nio.NioEventLoop.processSelectedKeysPlain(NioEventLoop.java:544) [netty-transport-4.1.13.Final.jar:4.1.13.Final]
	at io.netty.channel.nio.NioEventLoop.processSelectedKeys(NioEventLoop.java:498) [netty-transport-4.1.13.Final.jar:4.1.13.Final]
	at io.netty.channel.nio.NioEventLoop.run(NioEventLoop.java:458) [netty-transport-4.1.13.Final.jar:4.1.13.Final]
	at io.netty.util.concurrent.SingleThreadEventExecutor$5.run(SingleThreadEventExecutor.java:858) [netty-common-4.1.13.Final.jar:4.1.13.Final]
	at java.lang.Thread.run(Thread.java:748) [?:1.8.0_144]
[2018-04-29T18:38:26,120][INFO ][o.e.n.Node               ] [ist441giles.ist.psu.edu] stopping ...
[2018-04-29T18:38:26,258][INFO ][o.e.n.Node               ] [ist441giles.ist.psu.edu] stopped
[2018-04-29T18:38:26,259][INFO ][o.e.n.Node               ] [ist441giles.ist.psu.edu] closing ...
[2018-04-29T18:38:26,267][INFO ][o.e.n.Node               ] [ist441giles.ist.psu.edu] closed
